<?xml version="1.0" encoding="UTF-8"?>
<!-- Generated by org.testng.reporters.JUnitReportReporter -->
<testsuite hostname="INBLRGVE4YRTJM3" failures="0" tests="1" name="test.circtng.CricInfoTNG" time="23.442" errors="0" timestamp="2024-10-14T23:08:40 IST" skipped="0">
  <testcase classname="test.circtng.CricInfoTNG" name="cricInfoTest" time="23.442"/>
  <system-out/>
</testsuite> <!-- test.circtng.CricInfoTNG -->
